#
# A fatal error has been detected by the Java Runtime Environment:
#
#  Internal Error (javaClasses.cpp:129), pid=4246, tid=140550985484032
#  fatal error: Invalid layout of preloaded class
#
# JRE version: 7.0_25-b30
# Java VM: OpenJDK 64-Bit Server VM (23.7-b01 mixed mode linux-amd64 compressed oops)
# Failed to write core dump. Core dumps have been disabled. To enable core dumping, try "ulimit -c unlimited" before starting Java again
#
# If you would like to submit a bug report, please include
# instructions on how to reproduce the bug and visit:
#   https://bugs.launchpad.net/ubuntu/+source/openjdk-7/
#

---------------  T H R E A D  ---------------

Current thread (0x00007fd48c009800):  JavaThread "Unknown thread" [_thread_in_vm, id=4251, stack(0x00007fd493800000,0x00007fd493901000)]

Stack: [0x00007fd493800000,0x00007fd493901000],  sp=0x00007fd4938ff9a0,  free space=1022k
Native frames: (J=compiled Java code, j=interpreted, Vv=VM code, C=native code)
V  [libjvm.so+0x84e92b]  VMError::report_and_die()+0x16b
V  [libjvm.so+0x3ebd57]  report_fatal(char const*, int, char const*)+0x57
V  [libjvm.so+0x528efa]  compute_offset(int&, klassOopDesc*, Symbol*, Symbol*, bool) [clone .constprop.123]+0x11a
V  [libjvm.so+0x529166]  java_lang_String::compute_offsets()+0x36
V  [libjvm.so+0x7dcf8d]  SystemDictionary::initialize_preloaded_classes(Thread*)+0x3d
V  [libjvm.so+0x829288]  Universe::genesis(Thread*)+0x468
V  [libjvm.so+0x82973f]  universe2_init()+0x1f
V  [libjvm.so+0x4dde1a]  init_globals()+0x9a
V  [libjvm.so+0x80d26c]  Threads::create_vm(JavaVMInitArgs*, bool*)+0x39c
V  [libjvm.so+0x545278]  JNI_CreateJavaVM+0x58
C  [libjli.so+0x2b34]  __strcat_chk+0x2b34


---------------  P R O C E S S  ---------------

Java Threads: ( => current thread )

Other Threads:

=>0x00007fd48c009800 (exited) JavaThread "Unknown thread" [_thread_in_vm, id=4251, stack(0x00007fd493800000,0x00007fd493901000)]

VM state:not at safepoint (not fully initialized)

VM Mutex/Monitor currently owned by a thread: None

GC Heap History (0 events):
No events

Deoptimization events (0 events):
No events

Internal exceptions (0 events):
No events

Events (10 events):
Event: 0.010 loading class 0x00007fd48c02bae0 done
Event: 0.011 loading class 0x00007fd48c02b380 done
Event: 0.011 loading class 0x00007fd48c02b350
Event: 0.011 loading class 0x00007fd48c056700
Event: 0.011 loading class 0x00007fd48c056700 done
Event: 0.011 loading class 0x00007fd48c056740
Event: 0.011 loading class 0x00007fd48c056740 done
Event: 0.011 loading class 0x00007fd48c056780
Event: 0.011 loading class 0x00007fd48c056780 done
Event: 0.012 loading class 0x00007fd48c02b350 done


Dynamic libraries:
00400000-00401000 r-xp 00000000 08:05 4063245                            /usr/lib/jvm/java-7-openjdk-amd64/jre/bin/java
00600000-00601000 r--p 00000000 08:05 4063245                            /usr/lib/jvm/java-7-openjdk-amd64/jre/bin/java
00601000-00602000 rw-p 00001000 08:05 4063245                            /usr/lib/jvm/java-7-openjdk-amd64/jre/bin/java
01878000-01899000 rw-p 00000000 00:00 0                                  [heap]
77a400000-77b8c0000 rw-p 00000000 00:00 0 
77b8c0000-784a00000 rw-p 00000000 00:00 0 
784a00000-789c40000 rw-p 00000000 00:00 0 
789c40000-7d6e00000 rw-p 00000000 00:00 0 
7d6e00000-7d9720000 rw-p 00000000 00:00 0 
7d9720000-800000000 rw-p 00000000 00:00 0 
7fd467d20000-7fd46c000000 rw-p 00000000 00:00 0 
7fd46c000000-7fd46c021000 rw-p 00000000 00:00 0 
7fd46c021000-7fd470000000 ---p 00000000 00:00 0 
7fd474000000-7fd474021000 rw-p 00000000 00:00 0 
7fd474021000-7fd478000000 ---p 00000000 00:00 0 
7fd47c000000-7fd47c021000 rw-p 00000000 00:00 0 
7fd47c021000-7fd480000000 ---p 00000000 00:00 0 
7fd482f48000-7fd484000000 rw-p 00000000 00:00 0 
7fd484000000-7fd484021000 rw-p 00000000 00:00 0 
7fd484021000-7fd488000000 ---p 00000000 00:00 0 
7fd488736000-7fd488979000 rw-p 00000000 00:00 0 
7fd488979000-7fd488a43000 r--s 011ad000 08:05 5381273                    /home/yanpierru/Android/adt-bundle-linux-x86_64-20130917/sdk/platforms/android-18/android.jar
7fd488a43000-7fd488a6b000 rw-p 00000000 00:00 0 
7fd488a6b000-7fd488a6c000 ---p 00000000 00:00 0 
7fd488a6c000-7fd488b6c000 rw-p 00000000 00:00 0                          [stack:4255]
7fd488b6c000-7fd488b6d000 ---p 00000000 00:00 0 
7fd488b6d000-7fd488c6d000 rw-p 00000000 00:00 0                          [stack:4254]
7fd488c6d000-7fd488c6e000 ---p 00000000 00:00 0 
7fd488c6e000-7fd488d98000 rw-p 00000000 00:00 0                          [stack:4253]
7fd488d98000-7fd489000000 rw-p 00000000 00:00 0 
7fd489000000-7fd489270000 rwxp 00000000 00:00 0 
7fd489270000-7fd48c061000 rw-p 00000000 00:00 0 
7fd48c061000-7fd490000000 ---p 00000000 00:00 0 
7fd490008000-7fd490009000 ---p 00000000 00:00 0 
7fd490009000-7fd490114000 rw-p 00000000 00:00 0                          [stack:4252]
7fd490114000-7fd49015c000 rw-p 00000000 00:00 0 
7fd49015c000-7fd490167000 rw-p 00000000 00:00 0 
7fd490167000-7fd4901af000 rw-p 00000000 00:00 0 
7fd4901af000-7fd4901d9000 rw-p 00000000 00:00 0 
7fd4901d9000-7fd490441000 rw-p 00000000 00:00 0 
7fd490441000-7fd490456000 rw-p 00000000 00:00 0 
7fd490456000-7fd49058a000 rw-p 00000000 00:00 0 
7fd49058a000-7fd49058b000 rw-p 00000000 00:00 0 
7fd49058b000-7fd490593000 r-xp 00000000 08:05 3932220                    /usr/lib/jvm/java-7-openjdk-amd64/jre/lib/amd64/libzip.so
7fd490593000-7fd490792000 ---p 00008000 08:05 3932220                    /usr/lib/jvm/java-7-openjdk-amd64/jre/lib/amd64/libzip.so
7fd490792000-7fd490793000 r--p 00007000 08:05 3932220                    /usr/lib/jvm/java-7-openjdk-amd64/jre/lib/amd64/libzip.so
7fd490793000-7fd490794000 rw-p 00008000 08:05 3932220                    /usr/lib/jvm/java-7-openjdk-amd64/jre/lib/amd64/libzip.so
7fd490794000-7fd4907a0000 r-xp 00000000 08:05 8127413                    /lib/x86_64-linux-gnu/libnss_files-2.17.so
7fd4907a0000-7fd49099f000 ---p 0000c000 08:05 8127413                    /lib/x86_64-linux-gnu/libnss_files-2.17.so
7fd49099f000-7fd4909a0000 r--p 0000b000 08:05 8127413                    /lib/x86_64-linux-gnu/libnss_files-2.17.so
7fd4909a0000-7fd4909a1000 rw-p 0000c000 08:05 8127413                    /lib/x86_64-linux-gnu/libnss_files-2.17.so
7fd4909a1000-7fd4909ac000 r-xp 00000000 08:05 8127420                    /lib/x86_64-linux-gnu/libnss_nis-2.17.so
7fd4909ac000-7fd490bab000 ---p 0000b000 08:05 8127420                    /lib/x86_64-linux-gnu/libnss_nis-2.17.so
7fd490bab000-7fd490bac000 r--p 0000a000 08:05 8127420                    /lib/x86_64-linux-gnu/libnss_nis-2.17.so
7fd490bac000-7fd490bad000 rw-p 0000b000 08:05 8127420                    /lib/x86_64-linux-gnu/libnss_nis-2.17.so
7fd490bad000-7fd490bc4000 r-xp 00000000 08:05 8127408                    /lib/x86_64-linux-gnu/libnsl-2.17.so
7fd490bc4000-7fd490dc3000 ---p 00017000 08:05 8127408                    /lib/x86_64-linux-gnu/libnsl-2.17.so
7fd490dc3000-7fd490dc4000 r--p 00016000 08:05 8127408                    /lib/x86_64-linux-gnu/libnsl-2.17.so
7fd490dc4000-7fd490dc5000 rw-p 00017000 08:05 8127408                    /lib/x86_64-linux-gnu/libnsl-2.17.so
7fd490dc5000-7fd490dc7000 rw-p 00000000 00:00 0 
7fd490dc7000-7fd490dcf000 r-xp 00000000 08:05 8127423                    /lib/x86_64-linux-gnu/libnss_compat-2.17.so
7fd490dcf000-7fd490fce000 ---p 00008000 08:05 8127423                    /lib/x86_64-linux-gnu/libnss_compat-2.17.so
7fd490fce000-7fd490fcf000 r--p 00007000 08:05 8127423                    /lib/x86_64-linux-gnu/libnss_compat-2.17.so
7fd490fcf000-7fd490fd0000 rw-p 00008000 08:05 8127423                    /lib/x86_64-linux-gnu/libnss_compat-2.17.so
7fd490fd0000-7fd490ffb000 r-xp 00000000 08:05 3932206                    /usr/lib/jvm/java-7-openjdk-amd64/jre/lib/amd64/libjava.so
7fd490ffb000-7fd4911fa000 ---p 0002b000 08:05 3932206                    /usr/lib/jvm/java-7-openjdk-amd64/jre/lib/amd64/libjava.so
7fd4911fa000-7fd4911fb000 r--p 0002a000 08:05 3932206                    /usr/lib/jvm/java-7-openjdk-amd64/jre/lib/amd64/libjava.so
7fd4911fb000-7fd4911fd000 rw-p 0002b000 08:05 3932206                    /usr/lib/jvm/java-7-openjdk-amd64/jre/lib/amd64/libjava.so
7fd4911fd000-7fd49120c000 r-xp 00000000 08:05 3932204                    /usr/lib/jvm/java-7-openjdk-amd64/jre/lib/amd64/libverify.so
7fd49120c000-7fd49140b000 ---p 0000f000 08:05 3932204                    /usr/lib/jvm/java-7-openjdk-amd64/jre/lib/amd64/libverify.so
7fd49140b000-7fd49140d000 r--p 0000e000 08:05 3932204                    /usr/lib/jvm/java-7-openjdk-amd64/jre/lib/amd64/libverify.so
7fd49140d000-7fd49140e000 rw-p 00010000 08:05 3932204                    /usr/lib/jvm/java-7-openjdk-amd64/jre/lib/amd64/libverify.so
7fd49140e000-7fd491415000 r-xp 00000000 08:05 8127416                    /lib/x86_64-linux-gnu/librt-2.17.so
7fd491415000-7fd491614000 ---p 00007000 08:05 8127416                    /lib/x86_64-linux-gnu/librt-2.17.so
7fd491614000-7fd491615000 r--p 00006000 08:05 8127416                    /lib/x86_64-linux-gnu/librt-2.17.so
7fd491615000-7fd491616000 rw-p 00007000 08:05 8127416                    /lib/x86_64-linux-gnu/librt-2.17.so
7fd491616000-7fd49162a000 r-xp 00000000 08:05 8130207                    /lib/x86_64-linux-gnu/libgcc_s.so.1
7fd49162a000-7fd49182a000 ---p 00014000 08:05 8130207                    /lib/x86_64-linux-gnu/libgcc_s.so.1
7fd49182a000-7fd49182b000 r--p 00014000 08:05 8130207                    /lib/x86_64-linux-gnu/libgcc_s.so.1
7fd49182b000-7fd49182c000 rw-p 00015000 08:05 8130207                    /lib/x86_64-linux-gnu/libgcc_s.so.1
7fd49182c000-7fd49192f000 r-xp 00000000 08:05 8127421                    /lib/x86_64-linux-gnu/libm-2.17.so
7fd49192f000-7fd491b2f000 ---p 00103000 08:05 8127421                    /lib/x86_64-linux-gnu/libm-2.17.so
7fd491b2f000-7fd491b30000 r--p 00103000 08:05 8127421                    /lib/x86_64-linux-gnu/libm-2.17.so
7fd491b30000-7fd491b31000 rw-p 00104000 08:05 8127421                    /lib/x86_64-linux-gnu/libm-2.17.so
7fd491b31000-7fd491c16000 r-xp 00000000 08:05 1842163                    /usr/lib/x86_64-linux-gnu/libstdc++.so.6.0.17
7fd491c16000-7fd491e15000 ---p 000e5000 08:05 1842163                    /usr/lib/x86_64-linux-gnu/libstdc++.so.6.0.17
7fd491e15000-7fd491e1d000 r--p 000e4000 08:05 1842163                    /usr/lib/x86_64-linux-gnu/libstdc++.so.6.0.17
7fd491e1d000-7fd491e1f000 rw-p 000ec000 08:05 1842163                    /usr/lib/x86_64-linux-gnu/libstdc++.so.6.0.17
7fd491e1f000-7fd491e34000 rw-p 00000000 00:00 0 
7fd491e34000-7fd492824000 r-xp 00000000 08:05 4063243                    /usr/lib/jvm/java-7-openjdk-amd64/jre/lib/amd64/server/libjvm.so
7fd492824000-7fd492a23000 ---p 009f0000 08:05 4063243                    /usr/lib/jvm/java-7-openjdk-amd64/jre/lib/amd64/server/libjvm.so
7fd492a23000-7fd492aa2000 r--p 009ef000 08:05 4063243                    /usr/lib/jvm/java-7-openjdk-amd64/jre/lib/amd64/server/libjvm.so
7fd492aa2000-7fd492ac5000 rw-p 00a6e000 08:05 4063243                    /usr/lib/jvm/java-7-openjdk-amd64/jre/lib/amd64/server/libjvm.so
7fd492ac5000-7fd492af0000 rw-p 00000000 00:00 0 
7fd492af0000-7fd492b06000 r-xp 00000000 08:05 8130334                    /lib/x86_64-linux-gnu/libz.so.1.2.7
7fd492b06000-7fd492d05000 ---p 00016000 08:05 8130334                    /lib/x86_64-linux-gnu/libz.so.1.2.7
7fd492d05000-7fd492d06000 r--p 00015000 08:05 8130334                    /lib/x86_64-linux-gnu/libz.so.1.2.7
7fd492d06000-7fd492d07000 rw-p 00016000 08:05 8130334                    /lib/x86_64-linux-gnu/libz.so.1.2.7
7fd492d07000-7fd492d1f000 r-xp 00000000 08:05 8127410                    /lib/x86_64-linux-gnu/libpthread-2.17.so
7fd492d1f000-7fd492f1e000 ---p 00018000 08:05 8127410                    /lib/x86_64-linux-gnu/libpthread-2.17.so
7fd492f1e000-7fd492f1f000 r--p 00017000 08:05 8127410                    /lib/x86_64-linux-gnu/libpthread-2.17.so
7fd492f1f000-7fd492f20000 rw-p 00018000 08:05 8127410                    /lib/x86_64-linux-gnu/libpthread-2.17.so
7fd492f20000-7fd492f24000 rw-p 00000000 00:00 0 
7fd492f24000-7fd492f27000 r-xp 00000000 08:05 8127412                    /lib/x86_64-linux-gnu/libdl-2.17.so
7fd492f27000-7fd493126000 ---p 00003000 08:05 8127412                    /lib/x86_64-linux-gnu/libdl-2.17.so
7fd493126000-7fd493127000 r--p 00002000 08:05 8127412                    /lib/x86_64-linux-gnu/libdl-2.17.so
7fd493127000-7fd493128000 rw-p 00003000 08:05 8127412                    /lib/x86_64-linux-gnu/libdl-2.17.so
7fd493128000-7fd4932e7000 r-xp 00000000 08:05 8127425                    /lib/x86_64-linux-gnu/libc-2.17.so
7fd4932e7000-7fd4934e6000 ---p 001bf000 08:05 8127425                    /lib/x86_64-linux-gnu/libc-2.17.so
7fd4934e6000-7fd4934ea000 r--p 001be000 08:05 8127425                    /lib/x86_64-linux-gnu/libc-2.17.so
7fd4934ea000-7fd4934ec000 rw-p 001c2000 08:05 8127425                    /lib/x86_64-linux-gnu/libc-2.17.so
7fd4934ec000-7fd4934f1000 rw-p 00000000 00:00 0 
7fd4934f1000-7fd4934fe000 r-xp 00000000 08:05 3932188                    /usr/lib/jvm/java-7-openjdk-amd64/jre/lib/amd64/jli/libjli.so
7fd4934fe000-7fd4936fd000 ---p 0000d000 08:05 3932188                    /usr/lib/jvm/java-7-openjdk-amd64/jre/lib/amd64/jli/libjli.so
7fd4936fd000-7fd4936fe000 r--p 0000c000 08:05 3932188                    /usr/lib/jvm/java-7-openjdk-amd64/jre/lib/amd64/jli/libjli.so
7fd4936fe000-7fd4936ff000 rw-p 0000d000 08:05 3932188                    /usr/lib/jvm/java-7-openjdk-amd64/jre/lib/amd64/jli/libjli.so
7fd4936ff000-7fd493722000 r-xp 00000000 08:05 8127310                    /lib/x86_64-linux-gnu/ld-2.17.so
7fd493740000-7fd49374a000 rw-p 00000000 00:00 0 
7fd49374a000-7fd493800000 rw-p 00000000 00:00 0 
7fd493800000-7fd493803000 ---p 00000000 00:00 0 
7fd493803000-7fd493906000 rw-p 00000000 00:00 0                          [stack:4251]
7fd493913000-7fd493915000 rw-p 00000000 00:00 0 
7fd493915000-7fd49391d000 rw-s 00000000 08:05 8519711                    /tmp/hsperfdata_yanpierru/4246
7fd49391d000-7fd49391e000 rw-p 00000000 00:00 0 
7fd49391e000-7fd49391f000 r--p 00000000 00:00 0 
7fd49391f000-7fd493921000 rw-p 00000000 00:00 0 
7fd493921000-7fd493922000 r--p 00022000 08:05 8127310                    /lib/x86_64-linux-gnu/ld-2.17.so
7fd493922000-7fd493924000 rw-p 00023000 08:05 8127310                    /lib/x86_64-linux-gnu/ld-2.17.so
7fff336c9000-7fff336ea000 rw-p 00000000 00:00 0                          [stack]
7fff337fe000-7fff33800000 r-xp 00000000 00:00 0                          [vdso]
ffffffffff600000-ffffffffff601000 r-xp 00000000 00:00 0                  [vsyscall]

VM Arguments:
jvm_args: -Dfile.encoding=UTF-8 -Xbootclasspath:/home/yanpierru/Android/adt-bundle-linux-x86_64-20130917/sdk/platforms/android-18/android.jar:/home/yanpierru/Android/adt-bundle-linux-x86_64-20130917/sdk/add-ons/addon-google_apis-google-18/libs/effects.jar:/home/yanpierru/Android/adt-bundle-linux-x86_64-20130917/sdk/add-ons/addon-google_apis-google-18/libs/usb.jar:/home/yanpierru/Android/adt-bundle-linux-x86_64-20130917/sdk/add-ons/addon-google_apis-google-18/libs/maps.jar 
java_command: com.example.drawmywaybeta2.Test
Launcher Type: SUN_STANDARD

Environment Variables:
PATH=/usr/lib/lightdm/lightdm:/usr/local/sbin:/usr/local/bin:/usr/sbin:/usr/bin:/sbin:/bin:/usr/games:/usr/local/games
SHELL=/bin/bash
DISPLAY=:0.0

Signal Handlers:
SIGSEGV: [libjvm.so+0x84f410], sa_mask[0]=0x7ffbfeff, sa_flags=0x10000004
SIGBUS: [libjvm.so+0x84f410], sa_mask[0]=0x7ffbfeff, sa_flags=0x10000004
SIGFPE: [libjvm.so+0x6f19a0], sa_mask[0]=0x7ffbfeff, sa_flags=0x10000004
SIGPIPE: [libjvm.so+0x6f19a0], sa_mask[0]=0x7ffbfeff, sa_flags=0x10000004
SIGXFSZ: [libjvm.so+0x6f19a0], sa_mask[0]=0x7ffbfeff, sa_flags=0x10000004
SIGILL: [libjvm.so+0x6f19a0], sa_mask[0]=0x7ffbfeff, sa_flags=0x10000004
SIGUSR1: SIG_DFL, sa_mask[0]=0x00000000, sa_flags=0x00000000
SIGUSR2: [libjvm.so+0x6f1d70], sa_mask[0]=0x00000004, sa_flags=0x10000004
SIGHUP: SIG_DFL, sa_mask[0]=0x00000000, sa_flags=0x00000000
SIGINT: SIG_DFL, sa_mask[0]=0x00000000, sa_flags=0x00000000
SIGTERM: SIG_DFL, sa_mask[0]=0x00000000, sa_flags=0x00000000
SIGQUIT: SIG_DFL, sa_mask[0]=0x00000000, sa_flags=0x00000000


---------------  S Y S T E M  ---------------

OS:Ubuntu 13.04 (raring)
uname:Linux 3.8.0-33-generic #48-Ubuntu SMP Wed Oct 23 09:16:58 UTC 2013 x86_64
libc:glibc 2.17 NPTL 2.17 
rlimit: STACK 8192k, CORE 0k, NPROC 62556, NOFILE 4096, AS infinity
load average:0.16 0.28 0.35

/proc/meminfo:
MemTotal:        8081872 kB
MemFree:         3085668 kB
Buffers:          104188 kB
Cached:          2858968 kB
SwapCached:            0 kB
Active:          2348656 kB
Inactive:        2353648 kB
Active(anon):    1785636 kB
Inactive(anon):   344796 kB
Active(file):     563020 kB
Inactive(file):  2008852 kB
Unevictable:          48 kB
Mlocked:              48 kB
SwapTotal:             0 kB
SwapFree:              0 kB
Dirty:               376 kB
Writeback:             0 kB
AnonPages:       1739240 kB
Mapped:           300572 kB
Shmem:            391288 kB
Slab:             176088 kB
SReclaimable:     137972 kB
SUnreclaim:        38116 kB
KernelStack:        4064 kB
PageTables:        39632 kB
NFS_Unstable:          0 kB
Bounce:                0 kB
WritebackTmp:          0 kB
CommitLimit:     4040936 kB
Committed_AS:    4846456 kB
VmallocTotal:   34359738367 kB
VmallocUsed:      447844 kB
VmallocChunk:   34359278172 kB
HardwareCorrupted:     0 kB
AnonHugePages:         0 kB
HugePages_Total:       0
HugePages_Free:        0
HugePages_Rsvd:        0
HugePages_Surp:        0
Hugepagesize:       2048 kB
DirectMap4k:       83968 kB
DirectMap2M:     8288256 kB


CPU:total 4 (2 cores per cpu, 2 threads per core) family 6 model 58 stepping 9, cmov, cx8, fxsr, mmx, sse, sse2, sse3, ssse3, sse4.1, sse4.2, popcnt, avx, ht, tsc, tscinvbit, tscinv

/proc/cpuinfo:
processor	: 0
vendor_id	: GenuineIntel
cpu family	: 6
model		: 58
model name	: Intel(R) Core(TM) i7-3520M CPU @ 2.90GHz
stepping	: 9
microcode	: 0x15
cpu MHz		: 1200.000
cache size	: 4096 KB
physical id	: 0
siblings	: 4
core id		: 0
cpu cores	: 2
apicid		: 0
initial apicid	: 0
fpu		: yes
fpu_exception	: yes
cpuid level	: 13
wp		: yes
flags		: fpu vme de pse tsc msr pae mce cx8 apic sep mtrr pge mca cmov pat pse36 clflush dts acpi mmx fxsr sse sse2 ss ht tm pbe syscall nx rdtscp lm constant_tsc arch_perfmon pebs bts rep_good nopl xtopology nonstop_tsc aperfmperf eagerfpu pni pclmulqdq dtes64 monitor ds_cpl vmx smx est tm2 ssse3 cx16 xtpr pdcm pcid sse4_1 sse4_2 x2apic popcnt tsc_deadline_timer aes xsave avx f16c rdrand lahf_lm ida arat xsaveopt pln pts dtherm tpr_shadow vnmi flexpriority ept vpid fsgsbase smep erms
bogomips	: 5786.59
clflush size	: 64
cache_alignment	: 64
address sizes	: 36 bits physical, 48 bits virtual
power management:

processor	: 1
vendor_id	: GenuineIntel
cpu family	: 6
model		: 58
model name	: Intel(R) Core(TM) i7-3520M CPU @ 2.90GHz
stepping	: 9
microcode	: 0x15
cpu MHz		: 2901.000
cache size	: 4096 KB
physical id	: 0
siblings	: 4
core id		: 1
cpu cores	: 2
apicid		: 2
initial apicid	: 2
fpu		: yes
fpu_exception	: yes
cpuid level	: 13
wp		: yes
flags		: fpu vme de pse tsc msr pae mce cx8 apic sep mtrr pge mca cmov pat pse36 clflush dts acpi mmx fxsr sse sse2 ss ht tm pbe syscall nx rdtscp lm constant_tsc arch_perfmon pebs bts rep_good nopl xtopology nonstop_tsc aperfmperf eagerfpu pni pclmulqdq dtes64 monitor ds_cpl vmx smx est tm2 ssse3 cx16 xtpr pdcm pcid sse4_1 sse4_2 x2apic popcnt tsc_deadline_timer aes xsave avx f16c rdrand lahf_lm ida arat xsaveopt pln pts dtherm tpr_shadow vnmi flexpriority ept vpid fsgsbase smep erms
bogomips	: 5786.59
clflush size	: 64
cache_alignment	: 64
address sizes	: 36 bits physical, 48 bits virtual
power management:

processor	: 2
vendor_id	: GenuineIntel
cpu family	: 6
model		: 58
model name	: Intel(R) Core(TM) i7-3520M CPU @ 2.90GHz
stepping	: 9
microcode	: 0x15
cpu MHz		: 1200.000
cache size	: 4096 KB
physical id	: 0
siblings	: 4
core id		: 0
cpu cores	: 2
apicid		: 1
initial apicid	: 1
fpu		: yes
fpu_exception	: yes
cpuid level	: 13
wp		: yes
flags		: fpu vme de pse tsc msr pae mce cx8 apic sep mtrr pge mca cmov pat pse36 clflush dts acpi mmx fxsr sse sse2 ss ht tm pbe syscall nx rdtscp lm constant_tsc arch_perfmon pebs bts rep_good nopl xtopology nonstop_tsc aperfmperf eagerfpu pni pclmulqdq dtes64 monitor ds_cpl vmx smx est tm2 ssse3 cx16 xtpr pdcm pcid sse4_1 sse4_2 x2apic popcnt tsc_deadline_timer aes xsave avx f16c rdrand lahf_lm ida arat xsaveopt pln pts dtherm tpr_shadow vnmi flexpriority ept vpid fsgsbase smep erms
bogomips	: 5786.59
clflush size	: 64
cache_alignment	: 64
address sizes	: 36 bits physical, 48 bits virtual
power management:

processor	: 3
vendor_id	: GenuineIntel
cpu family	: 6
model		: 58
model name	: Intel(R) Core(TM) i7-3520M CPU @ 2.90GHz
stepping	: 9
microcode	: 0x15
cpu MHz		: 2901.000
cache size	: 4096 KB
physical id	: 0
siblings	: 4
core id		: 1
cpu cores	: 2
apicid		: 3
initial apicid	: 3
fpu		: yes
fpu_exception	: yes
cpuid level	: 13
wp		: yes
flags		: fpu vme de pse tsc msr pae mce cx8 apic sep mtrr pge mca cmov pat pse36 clflush dts acpi mmx fxsr sse sse2 ss ht tm pbe syscall nx rdtscp lm constant_tsc arch_perfmon pebs bts rep_good nopl xtopology nonstop_tsc aperfmperf eagerfpu pni pclmulqdq dtes64 monitor ds_cpl vmx smx est tm2 ssse3 cx16 xtpr pdcm pcid sse4_1 sse4_2 x2apic popcnt tsc_deadline_timer aes xsave avx f16c rdrand lahf_lm ida arat xsaveopt pln pts dtherm tpr_shadow vnmi flexpriority ept vpid fsgsbase smep erms
bogomips	: 5786.59
clflush size	: 64
cache_alignment	: 64
address sizes	: 36 bits physical, 48 bits virtual
power management:



Memory: 4k page, physical 8081872k(3085668k free), swap 0k(0k free)

vm_info: OpenJDK 64-Bit Server VM (23.7-b01) for linux-amd64 JRE (1.7.0_25-b30), built on Jul  3 2013 13:50:39 by "buildd" with gcc 4.7.3

time: Wed Jan  8 21:23:58 2014
elapsed time: 0 seconds

