#
# A fatal error has been detected by the Java Runtime Environment:
#
#  Internal Error (javaClasses.cpp:129), pid=4277, tid=140415927215872
#  fatal error: Invalid layout of preloaded class
#
# JRE version: 7.0_25-b30
# Java VM: OpenJDK 64-Bit Server VM (23.7-b01 mixed mode linux-amd64 compressed oops)
# Failed to write core dump. Core dumps have been disabled. To enable core dumping, try "ulimit -c unlimited" before starting Java again
#
# If you would like to submit a bug report, please include
# instructions on how to reproduce the bug and visit:
#   https://bugs.launchpad.net/ubuntu/+source/openjdk-7/
#

---------------  T H R E A D  ---------------

Current thread (0x00007fb518009800):  JavaThread "Unknown thread" [_thread_in_vm, id=4279, stack(0x00007fb521666000,0x00007fb521767000)]

Stack: [0x00007fb521666000,0x00007fb521767000],  sp=0x00007fb5217659a0,  free space=1022k
Native frames: (J=compiled Java code, j=interpreted, Vv=VM code, C=native code)
V  [libjvm.so+0x84e92b]  VMError::report_and_die()+0x16b
V  [libjvm.so+0x3ebd57]  report_fatal(char const*, int, char const*)+0x57
V  [libjvm.so+0x528efa]  compute_offset(int&, klassOopDesc*, Symbol*, Symbol*, bool) [clone .constprop.123]+0x11a
V  [libjvm.so+0x529166]  java_lang_String::compute_offsets()+0x36
V  [libjvm.so+0x7dcf8d]  SystemDictionary::initialize_preloaded_classes(Thread*)+0x3d
V  [libjvm.so+0x829288]  Universe::genesis(Thread*)+0x468
V  [libjvm.so+0x82973f]  universe2_init()+0x1f
V  [libjvm.so+0x4dde1a]  init_globals()+0x9a
V  [libjvm.so+0x80d26c]  Threads::create_vm(JavaVMInitArgs*, bool*)+0x39c
V  [libjvm.so+0x545278]  JNI_CreateJavaVM+0x58
C  [libjli.so+0x2b34]  __strcat_chk+0x2b34


---------------  P R O C E S S  ---------------

Java Threads: ( => current thread )

Other Threads:

=>0x00007fb518009800 (exited) JavaThread "Unknown thread" [_thread_in_vm, id=4279, stack(0x00007fb521666000,0x00007fb521767000)]

VM state:not at safepoint (not fully initialized)

VM Mutex/Monitor currently owned by a thread: None

GC Heap History (0 events):
No events

Deoptimization events (0 events):
No events

Internal exceptions (0 events):
No events

Events (10 events):
Event: 0.006 loading class 0x00007fb51802bae0 done
Event: 0.006 loading class 0x00007fb51802b380 done
Event: 0.006 loading class 0x00007fb51802b350
Event: 0.006 loading class 0x00007fb518056700
Event: 0.006 loading class 0x00007fb518056700 done
Event: 0.006 loading class 0x00007fb518056740
Event: 0.006 loading class 0x00007fb518056740 done
Event: 0.006 loading class 0x00007fb518056780
Event: 0.006 loading class 0x00007fb518056780 done
Event: 0.006 loading class 0x00007fb51802b350 done


Dynamic libraries:
00400000-00401000 r-xp 00000000 08:05 4063245                            /usr/lib/jvm/java-7-openjdk-amd64/jre/bin/java
00600000-00601000 r--p 00000000 08:05 4063245                            /usr/lib/jvm/java-7-openjdk-amd64/jre/bin/java
00601000-00602000 rw-p 00001000 08:05 4063245                            /usr/lib/jvm/java-7-openjdk-amd64/jre/bin/java
0156c000-0158d000 rw-p 00000000 00:00 0                                  [heap]
77a400000-77b8c0000 rw-p 00000000 00:00 0 
77b8c0000-784a00000 rw-p 00000000 00:00 0 
784a00000-789c40000 rw-p 00000000 00:00 0 
789c40000-7d6e00000 rw-p 00000000 00:00 0 
7d6e00000-7d9720000 rw-p 00000000 00:00 0 
7d9720000-800000000 rw-p 00000000 00:00 0 
7fb504000000-7fb504021000 rw-p 00000000 00:00 0 
7fb504021000-7fb508000000 ---p 00000000 00:00 0 
7fb508000000-7fb508021000 rw-p 00000000 00:00 0 
7fb508021000-7fb50c000000 ---p 00000000 00:00 0 
7fb50c000000-7fb50c021000 rw-p 00000000 00:00 0 
7fb50c021000-7fb510000000 ---p 00000000 00:00 0 
7fb510d20000-7fb515000000 rw-p 00000000 00:00 0 
7fb515000000-7fb515270000 rwxp 00000000 00:00 0 
7fb515270000-7fb518061000 rw-p 00000000 00:00 0 
7fb518061000-7fb51c000000 ---p 00000000 00:00 0 
7fb51c4ec000-7fb51c72f000 rw-p 00000000 00:00 0 
7fb51c72f000-7fb51c7f9000 r--s 011ad000 08:05 5381273                    /home/yanpierru/Android/adt-bundle-linux-x86_64-20130917/sdk/platforms/android-18/android.jar
7fb51c7f9000-7fb51d8d9000 rw-p 00000000 00:00 0 
7fb51d8d9000-7fb51d8da000 ---p 00000000 00:00 0 
7fb51d8da000-7fb51d9da000 rw-p 00000000 00:00 0                          [stack:4286]
7fb51d9da000-7fb51d9db000 ---p 00000000 00:00 0 
7fb51d9db000-7fb51dadb000 rw-p 00000000 00:00 0                          [stack:4285]
7fb51dadb000-7fb51dadc000 ---p 00000000 00:00 0 
7fb51dadc000-7fb51dbdc000 rw-p 00000000 00:00 0                          [stack:4284]
7fb51dbdc000-7fb51dbdd000 ---p 00000000 00:00 0 
7fb51dbdd000-7fb51dce8000 rw-p 00000000 00:00 0                          [stack:4283]
7fb51dce8000-7fb51dd30000 rw-p 00000000 00:00 0 
7fb51dd30000-7fb51dd5a000 rw-p 00000000 00:00 0 
7fb51dd5a000-7fb51dfc2000 rw-p 00000000 00:00 0 
7fb51dfc2000-7fb51dfcd000 rw-p 00000000 00:00 0 
7fb51dfcd000-7fb51e015000 rw-p 00000000 00:00 0 
7fb51e015000-7fb51e03f000 rw-p 00000000 00:00 0 
7fb51e03f000-7fb51e2a7000 rw-p 00000000 00:00 0 
7fb51e2a7000-7fb51e2bc000 rw-p 00000000 00:00 0 
7fb51e2bc000-7fb51e3f0000 rw-p 00000000 00:00 0 
7fb51e3f0000-7fb51e3f1000 rw-p 00000000 00:00 0 
7fb51e3f1000-7fb51e3f9000 r-xp 00000000 08:05 3932220                    /usr/lib/jvm/java-7-openjdk-amd64/jre/lib/amd64/libzip.so
7fb51e3f9000-7fb51e5f8000 ---p 00008000 08:05 3932220                    /usr/lib/jvm/java-7-openjdk-amd64/jre/lib/amd64/libzip.so
7fb51e5f8000-7fb51e5f9000 r--p 00007000 08:05 3932220                    /usr/lib/jvm/java-7-openjdk-amd64/jre/lib/amd64/libzip.so
7fb51e5f9000-7fb51e5fa000 rw-p 00008000 08:05 3932220                    /usr/lib/jvm/java-7-openjdk-amd64/jre/lib/amd64/libzip.so
7fb51e5fa000-7fb51e606000 r-xp 00000000 08:05 8127413                    /lib/x86_64-linux-gnu/libnss_files-2.17.so
7fb51e606000-7fb51e805000 ---p 0000c000 08:05 8127413                    /lib/x86_64-linux-gnu/libnss_files-2.17.so
7fb51e805000-7fb51e806000 r--p 0000b000 08:05 8127413                    /lib/x86_64-linux-gnu/libnss_files-2.17.so
7fb51e806000-7fb51e807000 rw-p 0000c000 08:05 8127413                    /lib/x86_64-linux-gnu/libnss_files-2.17.so
7fb51e807000-7fb51e812000 r-xp 00000000 08:05 8127420                    /lib/x86_64-linux-gnu/libnss_nis-2.17.so
7fb51e812000-7fb51ea11000 ---p 0000b000 08:05 8127420                    /lib/x86_64-linux-gnu/libnss_nis-2.17.so
7fb51ea11000-7fb51ea12000 r--p 0000a000 08:05 8127420                    /lib/x86_64-linux-gnu/libnss_nis-2.17.so
7fb51ea12000-7fb51ea13000 rw-p 0000b000 08:05 8127420                    /lib/x86_64-linux-gnu/libnss_nis-2.17.so
7fb51ea13000-7fb51ea2a000 r-xp 00000000 08:05 8127408                    /lib/x86_64-linux-gnu/libnsl-2.17.so
7fb51ea2a000-7fb51ec29000 ---p 00017000 08:05 8127408                    /lib/x86_64-linux-gnu/libnsl-2.17.so
7fb51ec29000-7fb51ec2a000 r--p 00016000 08:05 8127408                    /lib/x86_64-linux-gnu/libnsl-2.17.so
7fb51ec2a000-7fb51ec2b000 rw-p 00017000 08:05 8127408                    /lib/x86_64-linux-gnu/libnsl-2.17.so
7fb51ec2b000-7fb51ec2d000 rw-p 00000000 00:00 0 
7fb51ec2d000-7fb51ec35000 r-xp 00000000 08:05 8127423                    /lib/x86_64-linux-gnu/libnss_compat-2.17.so
7fb51ec35000-7fb51ee34000 ---p 00008000 08:05 8127423                    /lib/x86_64-linux-gnu/libnss_compat-2.17.so
7fb51ee34000-7fb51ee35000 r--p 00007000 08:05 8127423                    /lib/x86_64-linux-gnu/libnss_compat-2.17.so
7fb51ee35000-7fb51ee36000 rw-p 00008000 08:05 8127423                    /lib/x86_64-linux-gnu/libnss_compat-2.17.so
7fb51ee36000-7fb51ee61000 r-xp 00000000 08:05 3932206                    /usr/lib/jvm/java-7-openjdk-amd64/jre/lib/amd64/libjava.so
7fb51ee61000-7fb51f060000 ---p 0002b000 08:05 3932206                    /usr/lib/jvm/java-7-openjdk-amd64/jre/lib/amd64/libjava.so
7fb51f060000-7fb51f061000 r--p 0002a000 08:05 3932206                    /usr/lib/jvm/java-7-openjdk-amd64/jre/lib/amd64/libjava.so
7fb51f061000-7fb51f063000 rw-p 0002b000 08:05 3932206                    /usr/lib/jvm/java-7-openjdk-amd64/jre/lib/amd64/libjava.so
7fb51f063000-7fb51f072000 r-xp 00000000 08:05 3932204                    /usr/lib/jvm/java-7-openjdk-amd64/jre/lib/amd64/libverify.so
7fb51f072000-7fb51f271000 ---p 0000f000 08:05 3932204                    /usr/lib/jvm/java-7-openjdk-amd64/jre/lib/amd64/libverify.so
7fb51f271000-7fb51f273000 r--p 0000e000 08:05 3932204                    /usr/lib/jvm/java-7-openjdk-amd64/jre/lib/amd64/libverify.so
7fb51f273000-7fb51f274000 rw-p 00010000 08:05 3932204                    /usr/lib/jvm/java-7-openjdk-amd64/jre/lib/amd64/libverify.so
7fb51f274000-7fb51f27b000 r-xp 00000000 08:05 8127416                    /lib/x86_64-linux-gnu/librt-2.17.so
7fb51f27b000-7fb51f47a000 ---p 00007000 08:05 8127416                    /lib/x86_64-linux-gnu/librt-2.17.so
7fb51f47a000-7fb51f47b000 r--p 00006000 08:05 8127416                    /lib/x86_64-linux-gnu/librt-2.17.so
7fb51f47b000-7fb51f47c000 rw-p 00007000 08:05 8127416                    /lib/x86_64-linux-gnu/librt-2.17.so
7fb51f47c000-7fb51f490000 r-xp 00000000 08:05 8130207                    /lib/x86_64-linux-gnu/libgcc_s.so.1
7fb51f490000-7fb51f690000 ---p 00014000 08:05 8130207                    /lib/x86_64-linux-gnu/libgcc_s.so.1
7fb51f690000-7fb51f691000 r--p 00014000 08:05 8130207                    /lib/x86_64-linux-gnu/libgcc_s.so.1
7fb51f691000-7fb51f692000 rw-p 00015000 08:05 8130207                    /lib/x86_64-linux-gnu/libgcc_s.so.1
7fb51f692000-7fb51f795000 r-xp 00000000 08:05 8127421                    /lib/x86_64-linux-gnu/libm-2.17.so
7fb51f795000-7fb51f995000 ---p 00103000 08:05 8127421                    /lib/x86_64-linux-gnu/libm-2.17.so
7fb51f995000-7fb51f996000 r--p 00103000 08:05 8127421                    /lib/x86_64-linux-gnu/libm-2.17.so
7fb51f996000-7fb51f997000 rw-p 00104000 08:05 8127421                    /lib/x86_64-linux-gnu/libm-2.17.so
7fb51f997000-7fb51fa7c000 r-xp 00000000 08:05 1842163                    /usr/lib/x86_64-linux-gnu/libstdc++.so.6.0.17
7fb51fa7c000-7fb51fc7b000 ---p 000e5000 08:05 1842163                    /usr/lib/x86_64-linux-gnu/libstdc++.so.6.0.17
7fb51fc7b000-7fb51fc83000 r--p 000e4000 08:05 1842163                    /usr/lib/x86_64-linux-gnu/libstdc++.so.6.0.17
7fb51fc83000-7fb51fc85000 rw-p 000ec000 08:05 1842163                    /usr/lib/x86_64-linux-gnu/libstdc++.so.6.0.17
7fb51fc85000-7fb51fc9a000 rw-p 00000000 00:00 0 
7fb51fc9a000-7fb52068a000 r-xp 00000000 08:05 4063243                    /usr/lib/jvm/java-7-openjdk-amd64/jre/lib/amd64/server/libjvm.so
7fb52068a000-7fb520889000 ---p 009f0000 08:05 4063243                    /usr/lib/jvm/java-7-openjdk-amd64/jre/lib/amd64/server/libjvm.so
7fb520889000-7fb520908000 r--p 009ef000 08:05 4063243                    /usr/lib/jvm/java-7-openjdk-amd64/jre/lib/amd64/server/libjvm.so
7fb520908000-7fb52092b000 rw-p 00a6e000 08:05 4063243                    /usr/lib/jvm/java-7-openjdk-amd64/jre/lib/amd64/server/libjvm.so
7fb52092b000-7fb520956000 rw-p 00000000 00:00 0 
7fb520956000-7fb52096c000 r-xp 00000000 08:05 8130334                    /lib/x86_64-linux-gnu/libz.so.1.2.7
7fb52096c000-7fb520b6b000 ---p 00016000 08:05 8130334                    /lib/x86_64-linux-gnu/libz.so.1.2.7
7fb520b6b000-7fb520b6c000 r--p 00015000 08:05 8130334                    /lib/x86_64-linux-gnu/libz.so.1.2.7
7fb520b6c000-7fb520b6d000 rw-p 00016000 08:05 8130334                    /lib/x86_64-linux-gnu/libz.so.1.2.7
7fb520b6d000-7fb520b85000 r-xp 00000000 08:05 8127410                    /lib/x86_64-linux-gnu/libpthread-2.17.so
7fb520b85000-7fb520d84000 ---p 00018000 08:05 8127410                    /lib/x86_64-linux-gnu/libpthread-2.17.so
7fb520d84000-7fb520d85000 r--p 00017000 08:05 8127410                    /lib/x86_64-linux-gnu/libpthread-2.17.so
7fb520d85000-7fb520d86000 rw-p 00018000 08:05 8127410                    /lib/x86_64-linux-gnu/libpthread-2.17.so
7fb520d86000-7fb520d8a000 rw-p 00000000 00:00 0 
7fb520d8a000-7fb520d8d000 r-xp 00000000 08:05 8127412                    /lib/x86_64-linux-gnu/libdl-2.17.so
7fb520d8d000-7fb520f8c000 ---p 00003000 08:05 8127412                    /lib/x86_64-linux-gnu/libdl-2.17.so
7fb520f8c000-7fb520f8d000 r--p 00002000 08:05 8127412                    /lib/x86_64-linux-gnu/libdl-2.17.so
7fb520f8d000-7fb520f8e000 rw-p 00003000 08:05 8127412                    /lib/x86_64-linux-gnu/libdl-2.17.so
7fb520f8e000-7fb52114d000 r-xp 00000000 08:05 8127425                    /lib/x86_64-linux-gnu/libc-2.17.so
7fb52114d000-7fb52134c000 ---p 001bf000 08:05 8127425                    /lib/x86_64-linux-gnu/libc-2.17.so
7fb52134c000-7fb521350000 r--p 001be000 08:05 8127425                    /lib/x86_64-linux-gnu/libc-2.17.so
7fb521350000-7fb521352000 rw-p 001c2000 08:05 8127425                    /lib/x86_64-linux-gnu/libc-2.17.so
7fb521352000-7fb521357000 rw-p 00000000 00:00 0 
7fb521357000-7fb521364000 r-xp 00000000 08:05 3932188                    /usr/lib/jvm/java-7-openjdk-amd64/jre/lib/amd64/jli/libjli.so
7fb521364000-7fb521563000 ---p 0000d000 08:05 3932188                    /usr/lib/jvm/java-7-openjdk-amd64/jre/lib/amd64/jli/libjli.so
7fb521563000-7fb521564000 r--p 0000c000 08:05 3932188                    /usr/lib/jvm/java-7-openjdk-amd64/jre/lib/amd64/jli/libjli.so
7fb521564000-7fb521565000 rw-p 0000d000 08:05 3932188                    /usr/lib/jvm/java-7-openjdk-amd64/jre/lib/amd64/jli/libjli.so
7fb521565000-7fb521588000 r-xp 00000000 08:05 8127310                    /lib/x86_64-linux-gnu/ld-2.17.so
7fb5215a6000-7fb5215b0000 rw-p 00000000 00:00 0 
7fb5215b0000-7fb521666000 rw-p 00000000 00:00 0 
7fb521666000-7fb521669000 ---p 00000000 00:00 0 
7fb521669000-7fb52176c000 rw-p 00000000 00:00 0                          [stack:4279]
7fb521779000-7fb52177b000 rw-p 00000000 00:00 0 
7fb52177b000-7fb521783000 rw-s 00000000 08:05 8519711                    /tmp/hsperfdata_yanpierru/4277
7fb521783000-7fb521784000 rw-p 00000000 00:00 0 
7fb521784000-7fb521785000 r--p 00000000 00:00 0 
7fb521785000-7fb521787000 rw-p 00000000 00:00 0 
7fb521787000-7fb521788000 r--p 00022000 08:05 8127310                    /lib/x86_64-linux-gnu/ld-2.17.so
7fb521788000-7fb52178a000 rw-p 00023000 08:05 8127310                    /lib/x86_64-linux-gnu/ld-2.17.so
7fff40a0b000-7fff40a2c000 rw-p 00000000 00:00 0                          [stack]
7fff40bfe000-7fff40c00000 r-xp 00000000 00:00 0                          [vdso]
ffffffffff600000-ffffffffff601000 r-xp 00000000 00:00 0                  [vsyscall]

VM Arguments:
jvm_args: -Dfile.encoding=UTF-8 -Xbootclasspath:/home/yanpierru/Android/adt-bundle-linux-x86_64-20130917/sdk/platforms/android-18/android.jar:/home/yanpierru/Android/adt-bundle-linux-x86_64-20130917/sdk/add-ons/addon-google_apis-google-18/libs/effects.jar:/home/yanpierru/Android/adt-bundle-linux-x86_64-20130917/sdk/add-ons/addon-google_apis-google-18/libs/usb.jar:/home/yanpierru/Android/adt-bundle-linux-x86_64-20130917/sdk/add-ons/addon-google_apis-google-18/libs/maps.jar 
java_command: com.example.drawmywaybeta2.Test
Launcher Type: SUN_STANDARD

Environment Variables:
PATH=/usr/lib/lightdm/lightdm:/usr/local/sbin:/usr/local/bin:/usr/sbin:/usr/bin:/sbin:/bin:/usr/games:/usr/local/games
SHELL=/bin/bash
DISPLAY=:0.0

Signal Handlers:
SIGSEGV: [libjvm.so+0x84f410], sa_mask[0]=0x7ffbfeff, sa_flags=0x10000004
SIGBUS: [libjvm.so+0x84f410], sa_mask[0]=0x7ffbfeff, sa_flags=0x10000004
SIGFPE: [libjvm.so+0x6f19a0], sa_mask[0]=0x7ffbfeff, sa_flags=0x10000004
SIGPIPE: [libjvm.so+0x6f19a0], sa_mask[0]=0x7ffbfeff, sa_flags=0x10000004
SIGXFSZ: [libjvm.so+0x6f19a0], sa_mask[0]=0x7ffbfeff, sa_flags=0x10000004
SIGILL: [libjvm.so+0x6f19a0], sa_mask[0]=0x7ffbfeff, sa_flags=0x10000004
SIGUSR1: SIG_DFL, sa_mask[0]=0x00000000, sa_flags=0x00000000
SIGUSR2: [libjvm.so+0x6f1d70], sa_mask[0]=0x00000004, sa_flags=0x10000004
SIGHUP: SIG_DFL, sa_mask[0]=0x00000000, sa_flags=0x00000000
SIGINT: SIG_DFL, sa_mask[0]=0x00000000, sa_flags=0x00000000
SIGTERM: SIG_DFL, sa_mask[0]=0x00000000, sa_flags=0x00000000
SIGQUIT: SIG_DFL, sa_mask[0]=0x00000000, sa_flags=0x00000000


---------------  S Y S T E M  ---------------

OS:Ubuntu 13.04 (raring)
uname:Linux 3.8.0-33-generic #48-Ubuntu SMP Wed Oct 23 09:16:58 UTC 2013 x86_64
libc:glibc 2.17 NPTL 2.17 
rlimit: STACK 8192k, CORE 0k, NPROC 62556, NOFILE 4096, AS infinity
load average:0.11 0.26 0.34

/proc/meminfo:
MemTotal:        8081872 kB
MemFree:         3089024 kB
Buffers:          104264 kB
Cached:          2857392 kB
SwapCached:            0 kB
Active:          2350224 kB
Inactive:        2347888 kB
Active(anon):    1786104 kB
Inactive(anon):   340016 kB
Active(file):     564120 kB
Inactive(file):  2007872 kB
Unevictable:          48 kB
Mlocked:              48 kB
SwapTotal:             0 kB
SwapFree:              0 kB
Dirty:               428 kB
Writeback:             0 kB
AnonPages:       1736604 kB
Mapped:           300524 kB
Shmem:            389668 kB
Slab:             176092 kB
SReclaimable:     137952 kB
SUnreclaim:        38140 kB
KernelStack:        4080 kB
PageTables:        39624 kB
NFS_Unstable:          0 kB
Bounce:                0 kB
WritebackTmp:          0 kB
CommitLimit:     4040936 kB
Committed_AS:    4840720 kB
VmallocTotal:   34359738367 kB
VmallocUsed:      447844 kB
VmallocChunk:   34359278172 kB
HardwareCorrupted:     0 kB
AnonHugePages:         0 kB
HugePages_Total:       0
HugePages_Free:        0
HugePages_Rsvd:        0
HugePages_Surp:        0
Hugepagesize:       2048 kB
DirectMap4k:       83968 kB
DirectMap2M:     8288256 kB


CPU:total 4 (2 cores per cpu, 2 threads per core) family 6 model 58 stepping 9, cmov, cx8, fxsr, mmx, sse, sse2, sse3, ssse3, sse4.1, sse4.2, popcnt, avx, ht, tsc, tscinvbit, tscinv

/proc/cpuinfo:
processor	: 0
vendor_id	: GenuineIntel
cpu family	: 6
model		: 58
model name	: Intel(R) Core(TM) i7-3520M CPU @ 2.90GHz
stepping	: 9
microcode	: 0x15
cpu MHz		: 2901.000
cache size	: 4096 KB
physical id	: 0
siblings	: 4
core id		: 0
cpu cores	: 2
apicid		: 0
initial apicid	: 0
fpu		: yes
fpu_exception	: yes
cpuid level	: 13
wp		: yes
flags		: fpu vme de pse tsc msr pae mce cx8 apic sep mtrr pge mca cmov pat pse36 clflush dts acpi mmx fxsr sse sse2 ss ht tm pbe syscall nx rdtscp lm constant_tsc arch_perfmon pebs bts rep_good nopl xtopology nonstop_tsc aperfmperf eagerfpu pni pclmulqdq dtes64 monitor ds_cpl vmx smx est tm2 ssse3 cx16 xtpr pdcm pcid sse4_1 sse4_2 x2apic popcnt tsc_deadline_timer aes xsave avx f16c rdrand lahf_lm ida arat xsaveopt pln pts dtherm tpr_shadow vnmi flexpriority ept vpid fsgsbase smep erms
bogomips	: 5786.59
clflush size	: 64
cache_alignment	: 64
address sizes	: 36 bits physical, 48 bits virtual
power management:

processor	: 1
vendor_id	: GenuineIntel
cpu family	: 6
model		: 58
model name	: Intel(R) Core(TM) i7-3520M CPU @ 2.90GHz
stepping	: 9
microcode	: 0x15
cpu MHz		: 2901.000
cache size	: 4096 KB
physical id	: 0
siblings	: 4
core id		: 1
cpu cores	: 2
apicid		: 2
initial apicid	: 2
fpu		: yes
fpu_exception	: yes
cpuid level	: 13
wp		: yes
flags		: fpu vme de pse tsc msr pae mce cx8 apic sep mtrr pge mca cmov pat pse36 clflush dts acpi mmx fxsr sse sse2 ss ht tm pbe syscall nx rdtscp lm constant_tsc arch_perfmon pebs bts rep_good nopl xtopology nonstop_tsc aperfmperf eagerfpu pni pclmulqdq dtes64 monitor ds_cpl vmx smx est tm2 ssse3 cx16 xtpr pdcm pcid sse4_1 sse4_2 x2apic popcnt tsc_deadline_timer aes xsave avx f16c rdrand lahf_lm ida arat xsaveopt pln pts dtherm tpr_shadow vnmi flexpriority ept vpid fsgsbase smep erms
bogomips	: 5786.59
clflush size	: 64
cache_alignment	: 64
address sizes	: 36 bits physical, 48 bits virtual
power management:

processor	: 2
vendor_id	: GenuineIntel
cpu family	: 6
model		: 58
model name	: Intel(R) Core(TM) i7-3520M CPU @ 2.90GHz
stepping	: 9
microcode	: 0x15
cpu MHz		: 2300.000
cache size	: 4096 KB
physical id	: 0
siblings	: 4
core id		: 0
cpu cores	: 2
apicid		: 1
initial apicid	: 1
fpu		: yes
fpu_exception	: yes
cpuid level	: 13
wp		: yes
flags		: fpu vme de pse tsc msr pae mce cx8 apic sep mtrr pge mca cmov pat pse36 clflush dts acpi mmx fxsr sse sse2 ss ht tm pbe syscall nx rdtscp lm constant_tsc arch_perfmon pebs bts rep_good nopl xtopology nonstop_tsc aperfmperf eagerfpu pni pclmulqdq dtes64 monitor ds_cpl vmx smx est tm2 ssse3 cx16 xtpr pdcm pcid sse4_1 sse4_2 x2apic popcnt tsc_deadline_timer aes xsave avx f16c rdrand lahf_lm ida arat xsaveopt pln pts dtherm tpr_shadow vnmi flexpriority ept vpid fsgsbase smep erms
bogomips	: 5786.59
clflush size	: 64
cache_alignment	: 64
address sizes	: 36 bits physical, 48 bits virtual
power management:

processor	: 3
vendor_id	: GenuineIntel
cpu family	: 6
model		: 58
model name	: Intel(R) Core(TM) i7-3520M CPU @ 2.90GHz
stepping	: 9
microcode	: 0x15
cpu MHz		: 2901.000
cache size	: 4096 KB
physical id	: 0
siblings	: 4
core id		: 1
cpu cores	: 2
apicid		: 3
initial apicid	: 3
fpu		: yes
fpu_exception	: yes
cpuid level	: 13
wp		: yes
flags		: fpu vme de pse tsc msr pae mce cx8 apic sep mtrr pge mca cmov pat pse36 clflush dts acpi mmx fxsr sse sse2 ss ht tm pbe syscall nx rdtscp lm constant_tsc arch_perfmon pebs bts rep_good nopl xtopology nonstop_tsc aperfmperf eagerfpu pni pclmulqdq dtes64 monitor ds_cpl vmx smx est tm2 ssse3 cx16 xtpr pdcm pcid sse4_1 sse4_2 x2apic popcnt tsc_deadline_timer aes xsave avx f16c rdrand lahf_lm ida arat xsaveopt pln pts dtherm tpr_shadow vnmi flexpriority ept vpid fsgsbase smep erms
bogomips	: 5786.59
clflush size	: 64
cache_alignment	: 64
address sizes	: 36 bits physical, 48 bits virtual
power management:



Memory: 4k page, physical 8081872k(3089024k free), swap 0k(0k free)

vm_info: OpenJDK 64-Bit Server VM (23.7-b01) for linux-amd64 JRE (1.7.0_25-b30), built on Jul  3 2013 13:50:39 by "buildd" with gcc 4.7.3

time: Wed Jan  8 21:24:23 2014
elapsed time: 0 seconds

