#
# A fatal error has been detected by the Java Runtime Environment:
#
#  Internal Error (javaClasses.cpp:129), pid=4232, tid=140596315105024
#  fatal error: Invalid layout of preloaded class
#
# JRE version: 7.0_25-b30
# Java VM: OpenJDK 64-Bit Server VM (23.7-b01 mixed mode linux-amd64 compressed oops)
# Failed to write core dump. Core dumps have been disabled. To enable core dumping, try "ulimit -c unlimited" before starting Java again
#
# If you would like to submit a bug report, please include
# instructions on how to reproduce the bug and visit:
#   https://bugs.launchpad.net/ubuntu/+source/openjdk-7/
#

---------------  T H R E A D  ---------------

Current thread (0x00007fdf18009800):  JavaThread "Unknown thread" [_thread_in_vm, id=4233, stack(0x00007fdf215b2000,0x00007fdf216b3000)]

Stack: [0x00007fdf215b2000,0x00007fdf216b3000],  sp=0x00007fdf216b19a0,  free space=1022k
Native frames: (J=compiled Java code, j=interpreted, Vv=VM code, C=native code)
V  [libjvm.so+0x84e92b]  VMError::report_and_die()+0x16b
V  [libjvm.so+0x3ebd57]  report_fatal(char const*, int, char const*)+0x57
V  [libjvm.so+0x528efa]  compute_offset(int&, klassOopDesc*, Symbol*, Symbol*, bool) [clone .constprop.123]+0x11a
V  [libjvm.so+0x529166]  java_lang_String::compute_offsets()+0x36
V  [libjvm.so+0x7dcf8d]  SystemDictionary::initialize_preloaded_classes(Thread*)+0x3d
V  [libjvm.so+0x829288]  Universe::genesis(Thread*)+0x468
V  [libjvm.so+0x82973f]  universe2_init()+0x1f
V  [libjvm.so+0x4dde1a]  init_globals()+0x9a
V  [libjvm.so+0x80d26c]  Threads::create_vm(JavaVMInitArgs*, bool*)+0x39c
V  [libjvm.so+0x545278]  JNI_CreateJavaVM+0x58
C  [libjli.so+0x2b34]  __strcat_chk+0x2b34


---------------  P R O C E S S  ---------------

Java Threads: ( => current thread )

Other Threads:

=>0x00007fdf18009800 (exited) JavaThread "Unknown thread" [_thread_in_vm, id=4233, stack(0x00007fdf215b2000,0x00007fdf216b3000)]

VM state:not at safepoint (not fully initialized)

VM Mutex/Monitor currently owned by a thread: None

GC Heap History (0 events):
No events

Deoptimization events (0 events):
No events

Internal exceptions (0 events):
No events

Events (10 events):
Event: 0.007 loading class 0x00007fdf1802bae0 done
Event: 0.007 loading class 0x00007fdf1802b380 done
Event: 0.007 loading class 0x00007fdf1802b350
Event: 0.007 loading class 0x00007fdf18056700
Event: 0.007 loading class 0x00007fdf18056700 done
Event: 0.007 loading class 0x00007fdf18056740
Event: 0.007 loading class 0x00007fdf18056740 done
Event: 0.007 loading class 0x00007fdf18056780
Event: 0.007 loading class 0x00007fdf18056780 done
Event: 0.007 loading class 0x00007fdf1802b350 done


Dynamic libraries:
00400000-00401000 r-xp 00000000 08:05 4063245                            /usr/lib/jvm/java-7-openjdk-amd64/jre/bin/java
00600000-00601000 r--p 00000000 08:05 4063245                            /usr/lib/jvm/java-7-openjdk-amd64/jre/bin/java
00601000-00602000 rw-p 00001000 08:05 4063245                            /usr/lib/jvm/java-7-openjdk-amd64/jre/bin/java
00c0f000-00c30000 rw-p 00000000 00:00 0                                  [heap]
77a400000-77b8c0000 rw-p 00000000 00:00 0 
77b8c0000-784a00000 rw-p 00000000 00:00 0 
784a00000-789c40000 rw-p 00000000 00:00 0 
789c40000-7d6e00000 rw-p 00000000 00:00 0 
7d6e00000-7d9720000 rw-p 00000000 00:00 0 
7d9720000-800000000 rw-p 00000000 00:00 0 
7fdef3d20000-7fdef8000000 rw-p 00000000 00:00 0 
7fdef8000000-7fdef8021000 rw-p 00000000 00:00 0 
7fdef8021000-7fdefc000000 ---p 00000000 00:00 0 
7fdf00000000-7fdf00021000 rw-p 00000000 00:00 0 
7fdf00021000-7fdf04000000 ---p 00000000 00:00 0 
7fdf08000000-7fdf08021000 rw-p 00000000 00:00 0 
7fdf08021000-7fdf0c000000 ---p 00000000 00:00 0 
7fdf10000000-7fdf10021000 rw-p 00000000 00:00 0 
7fdf10021000-7fdf14000000 ---p 00000000 00:00 0 
7fdf15000000-7fdf15270000 rwxp 00000000 00:00 0 
7fdf15270000-7fdf18061000 rw-p 00000000 00:00 0 
7fdf18061000-7fdf1c000000 ---p 00000000 00:00 0 
7fdf1c438000-7fdf1c67b000 rw-p 00000000 00:00 0 
7fdf1c67b000-7fdf1c745000 r--s 011ad000 08:05 5381273                    /home/yanpierru/Android/adt-bundle-linux-x86_64-20130917/sdk/platforms/android-18/android.jar
7fdf1c745000-7fdf1d825000 rw-p 00000000 00:00 0 
7fdf1d825000-7fdf1d826000 ---p 00000000 00:00 0 
7fdf1d826000-7fdf1d926000 rw-p 00000000 00:00 0                          [stack:4237]
7fdf1d926000-7fdf1d927000 ---p 00000000 00:00 0 
7fdf1d927000-7fdf1da27000 rw-p 00000000 00:00 0                          [stack:4236]
7fdf1da27000-7fdf1da28000 ---p 00000000 00:00 0 
7fdf1da28000-7fdf1db28000 rw-p 00000000 00:00 0                          [stack:4235]
7fdf1db28000-7fdf1db29000 ---p 00000000 00:00 0 
7fdf1db29000-7fdf1dc34000 rw-p 00000000 00:00 0                          [stack:4234]
7fdf1dc34000-7fdf1dc7c000 rw-p 00000000 00:00 0 
7fdf1dc7c000-7fdf1dca6000 rw-p 00000000 00:00 0 
7fdf1dca6000-7fdf1df0e000 rw-p 00000000 00:00 0 
7fdf1df0e000-7fdf1df19000 rw-p 00000000 00:00 0 
7fdf1df19000-7fdf1df61000 rw-p 00000000 00:00 0 
7fdf1df61000-7fdf1df8b000 rw-p 00000000 00:00 0 
7fdf1df8b000-7fdf1e1f3000 rw-p 00000000 00:00 0 
7fdf1e1f3000-7fdf1e208000 rw-p 00000000 00:00 0 
7fdf1e208000-7fdf1e33c000 rw-p 00000000 00:00 0 
7fdf1e33c000-7fdf1e33d000 rw-p 00000000 00:00 0 
7fdf1e33d000-7fdf1e345000 r-xp 00000000 08:05 3932220                    /usr/lib/jvm/java-7-openjdk-amd64/jre/lib/amd64/libzip.so
7fdf1e345000-7fdf1e544000 ---p 00008000 08:05 3932220                    /usr/lib/jvm/java-7-openjdk-amd64/jre/lib/amd64/libzip.so
7fdf1e544000-7fdf1e545000 r--p 00007000 08:05 3932220                    /usr/lib/jvm/java-7-openjdk-amd64/jre/lib/amd64/libzip.so
7fdf1e545000-7fdf1e546000 rw-p 00008000 08:05 3932220                    /usr/lib/jvm/java-7-openjdk-amd64/jre/lib/amd64/libzip.so
7fdf1e546000-7fdf1e552000 r-xp 00000000 08:05 8127413                    /lib/x86_64-linux-gnu/libnss_files-2.17.so
7fdf1e552000-7fdf1e751000 ---p 0000c000 08:05 8127413                    /lib/x86_64-linux-gnu/libnss_files-2.17.so
7fdf1e751000-7fdf1e752000 r--p 0000b000 08:05 8127413                    /lib/x86_64-linux-gnu/libnss_files-2.17.so
7fdf1e752000-7fdf1e753000 rw-p 0000c000 08:05 8127413                    /lib/x86_64-linux-gnu/libnss_files-2.17.so
7fdf1e753000-7fdf1e75e000 r-xp 00000000 08:05 8127420                    /lib/x86_64-linux-gnu/libnss_nis-2.17.so
7fdf1e75e000-7fdf1e95d000 ---p 0000b000 08:05 8127420                    /lib/x86_64-linux-gnu/libnss_nis-2.17.so
7fdf1e95d000-7fdf1e95e000 r--p 0000a000 08:05 8127420                    /lib/x86_64-linux-gnu/libnss_nis-2.17.so
7fdf1e95e000-7fdf1e95f000 rw-p 0000b000 08:05 8127420                    /lib/x86_64-linux-gnu/libnss_nis-2.17.so
7fdf1e95f000-7fdf1e976000 r-xp 00000000 08:05 8127408                    /lib/x86_64-linux-gnu/libnsl-2.17.so
7fdf1e976000-7fdf1eb75000 ---p 00017000 08:05 8127408                    /lib/x86_64-linux-gnu/libnsl-2.17.so
7fdf1eb75000-7fdf1eb76000 r--p 00016000 08:05 8127408                    /lib/x86_64-linux-gnu/libnsl-2.17.so
7fdf1eb76000-7fdf1eb77000 rw-p 00017000 08:05 8127408                    /lib/x86_64-linux-gnu/libnsl-2.17.so
7fdf1eb77000-7fdf1eb79000 rw-p 00000000 00:00 0 
7fdf1eb79000-7fdf1eb81000 r-xp 00000000 08:05 8127423                    /lib/x86_64-linux-gnu/libnss_compat-2.17.so
7fdf1eb81000-7fdf1ed80000 ---p 00008000 08:05 8127423                    /lib/x86_64-linux-gnu/libnss_compat-2.17.so
7fdf1ed80000-7fdf1ed81000 r--p 00007000 08:05 8127423                    /lib/x86_64-linux-gnu/libnss_compat-2.17.so
7fdf1ed81000-7fdf1ed82000 rw-p 00008000 08:05 8127423                    /lib/x86_64-linux-gnu/libnss_compat-2.17.so
7fdf1ed82000-7fdf1edad000 r-xp 00000000 08:05 3932206                    /usr/lib/jvm/java-7-openjdk-amd64/jre/lib/amd64/libjava.so
7fdf1edad000-7fdf1efac000 ---p 0002b000 08:05 3932206                    /usr/lib/jvm/java-7-openjdk-amd64/jre/lib/amd64/libjava.so
7fdf1efac000-7fdf1efad000 r--p 0002a000 08:05 3932206                    /usr/lib/jvm/java-7-openjdk-amd64/jre/lib/amd64/libjava.so
7fdf1efad000-7fdf1efaf000 rw-p 0002b000 08:05 3932206                    /usr/lib/jvm/java-7-openjdk-amd64/jre/lib/amd64/libjava.so
7fdf1efaf000-7fdf1efbe000 r-xp 00000000 08:05 3932204                    /usr/lib/jvm/java-7-openjdk-amd64/jre/lib/amd64/libverify.so
7fdf1efbe000-7fdf1f1bd000 ---p 0000f000 08:05 3932204                    /usr/lib/jvm/java-7-openjdk-amd64/jre/lib/amd64/libverify.so
7fdf1f1bd000-7fdf1f1bf000 r--p 0000e000 08:05 3932204                    /usr/lib/jvm/java-7-openjdk-amd64/jre/lib/amd64/libverify.so
7fdf1f1bf000-7fdf1f1c0000 rw-p 00010000 08:05 3932204                    /usr/lib/jvm/java-7-openjdk-amd64/jre/lib/amd64/libverify.so
7fdf1f1c0000-7fdf1f1c7000 r-xp 00000000 08:05 8127416                    /lib/x86_64-linux-gnu/librt-2.17.so
7fdf1f1c7000-7fdf1f3c6000 ---p 00007000 08:05 8127416                    /lib/x86_64-linux-gnu/librt-2.17.so
7fdf1f3c6000-7fdf1f3c7000 r--p 00006000 08:05 8127416                    /lib/x86_64-linux-gnu/librt-2.17.so
7fdf1f3c7000-7fdf1f3c8000 rw-p 00007000 08:05 8127416                    /lib/x86_64-linux-gnu/librt-2.17.so
7fdf1f3c8000-7fdf1f3dc000 r-xp 00000000 08:05 8130207                    /lib/x86_64-linux-gnu/libgcc_s.so.1
7fdf1f3dc000-7fdf1f5dc000 ---p 00014000 08:05 8130207                    /lib/x86_64-linux-gnu/libgcc_s.so.1
7fdf1f5dc000-7fdf1f5dd000 r--p 00014000 08:05 8130207                    /lib/x86_64-linux-gnu/libgcc_s.so.1
7fdf1f5dd000-7fdf1f5de000 rw-p 00015000 08:05 8130207                    /lib/x86_64-linux-gnu/libgcc_s.so.1
7fdf1f5de000-7fdf1f6e1000 r-xp 00000000 08:05 8127421                    /lib/x86_64-linux-gnu/libm-2.17.so
7fdf1f6e1000-7fdf1f8e1000 ---p 00103000 08:05 8127421                    /lib/x86_64-linux-gnu/libm-2.17.so
7fdf1f8e1000-7fdf1f8e2000 r--p 00103000 08:05 8127421                    /lib/x86_64-linux-gnu/libm-2.17.so
7fdf1f8e2000-7fdf1f8e3000 rw-p 00104000 08:05 8127421                    /lib/x86_64-linux-gnu/libm-2.17.so
7fdf1f8e3000-7fdf1f9c8000 r-xp 00000000 08:05 1842163                    /usr/lib/x86_64-linux-gnu/libstdc++.so.6.0.17
7fdf1f9c8000-7fdf1fbc7000 ---p 000e5000 08:05 1842163                    /usr/lib/x86_64-linux-gnu/libstdc++.so.6.0.17
7fdf1fbc7000-7fdf1fbcf000 r--p 000e4000 08:05 1842163                    /usr/lib/x86_64-linux-gnu/libstdc++.so.6.0.17
7fdf1fbcf000-7fdf1fbd1000 rw-p 000ec000 08:05 1842163                    /usr/lib/x86_64-linux-gnu/libstdc++.so.6.0.17
7fdf1fbd1000-7fdf1fbe6000 rw-p 00000000 00:00 0 
7fdf1fbe6000-7fdf205d6000 r-xp 00000000 08:05 4063243                    /usr/lib/jvm/java-7-openjdk-amd64/jre/lib/amd64/server/libjvm.so
7fdf205d6000-7fdf207d5000 ---p 009f0000 08:05 4063243                    /usr/lib/jvm/java-7-openjdk-amd64/jre/lib/amd64/server/libjvm.so
7fdf207d5000-7fdf20854000 r--p 009ef000 08:05 4063243                    /usr/lib/jvm/java-7-openjdk-amd64/jre/lib/amd64/server/libjvm.so
7fdf20854000-7fdf20877000 rw-p 00a6e000 08:05 4063243                    /usr/lib/jvm/java-7-openjdk-amd64/jre/lib/amd64/server/libjvm.so
7fdf20877000-7fdf208a2000 rw-p 00000000 00:00 0 
7fdf208a2000-7fdf208b8000 r-xp 00000000 08:05 8130334                    /lib/x86_64-linux-gnu/libz.so.1.2.7
7fdf208b8000-7fdf20ab7000 ---p 00016000 08:05 8130334                    /lib/x86_64-linux-gnu/libz.so.1.2.7
7fdf20ab7000-7fdf20ab8000 r--p 00015000 08:05 8130334                    /lib/x86_64-linux-gnu/libz.so.1.2.7
7fdf20ab8000-7fdf20ab9000 rw-p 00016000 08:05 8130334                    /lib/x86_64-linux-gnu/libz.so.1.2.7
7fdf20ab9000-7fdf20ad1000 r-xp 00000000 08:05 8127410                    /lib/x86_64-linux-gnu/libpthread-2.17.so
7fdf20ad1000-7fdf20cd0000 ---p 00018000 08:05 8127410                    /lib/x86_64-linux-gnu/libpthread-2.17.so
7fdf20cd0000-7fdf20cd1000 r--p 00017000 08:05 8127410                    /lib/x86_64-linux-gnu/libpthread-2.17.so
7fdf20cd1000-7fdf20cd2000 rw-p 00018000 08:05 8127410                    /lib/x86_64-linux-gnu/libpthread-2.17.so
7fdf20cd2000-7fdf20cd6000 rw-p 00000000 00:00 0 
7fdf20cd6000-7fdf20cd9000 r-xp 00000000 08:05 8127412                    /lib/x86_64-linux-gnu/libdl-2.17.so
7fdf20cd9000-7fdf20ed8000 ---p 00003000 08:05 8127412                    /lib/x86_64-linux-gnu/libdl-2.17.so
7fdf20ed8000-7fdf20ed9000 r--p 00002000 08:05 8127412                    /lib/x86_64-linux-gnu/libdl-2.17.so
7fdf20ed9000-7fdf20eda000 rw-p 00003000 08:05 8127412                    /lib/x86_64-linux-gnu/libdl-2.17.so
7fdf20eda000-7fdf21099000 r-xp 00000000 08:05 8127425                    /lib/x86_64-linux-gnu/libc-2.17.so
7fdf21099000-7fdf21298000 ---p 001bf000 08:05 8127425                    /lib/x86_64-linux-gnu/libc-2.17.so
7fdf21298000-7fdf2129c000 r--p 001be000 08:05 8127425                    /lib/x86_64-linux-gnu/libc-2.17.so
7fdf2129c000-7fdf2129e000 rw-p 001c2000 08:05 8127425                    /lib/x86_64-linux-gnu/libc-2.17.so
7fdf2129e000-7fdf212a3000 rw-p 00000000 00:00 0 
7fdf212a3000-7fdf212b0000 r-xp 00000000 08:05 3932188                    /usr/lib/jvm/java-7-openjdk-amd64/jre/lib/amd64/jli/libjli.so
7fdf212b0000-7fdf214af000 ---p 0000d000 08:05 3932188                    /usr/lib/jvm/java-7-openjdk-amd64/jre/lib/amd64/jli/libjli.so
7fdf214af000-7fdf214b0000 r--p 0000c000 08:05 3932188                    /usr/lib/jvm/java-7-openjdk-amd64/jre/lib/amd64/jli/libjli.so
7fdf214b0000-7fdf214b1000 rw-p 0000d000 08:05 3932188                    /usr/lib/jvm/java-7-openjdk-amd64/jre/lib/amd64/jli/libjli.so
7fdf214b1000-7fdf214d4000 r-xp 00000000 08:05 8127310                    /lib/x86_64-linux-gnu/ld-2.17.so
7fdf214f2000-7fdf214fc000 rw-p 00000000 00:00 0 
7fdf214fc000-7fdf215b2000 rw-p 00000000 00:00 0 
7fdf215b2000-7fdf215b5000 ---p 00000000 00:00 0 
7fdf215b5000-7fdf216b8000 rw-p 00000000 00:00 0                          [stack:4233]
7fdf216c5000-7fdf216c7000 rw-p 00000000 00:00 0 
7fdf216c7000-7fdf216cf000 rw-s 00000000 08:05 8519711                    /tmp/hsperfdata_yanpierru/4232
7fdf216cf000-7fdf216d0000 rw-p 00000000 00:00 0 
7fdf216d0000-7fdf216d1000 r--p 00000000 00:00 0 
7fdf216d1000-7fdf216d3000 rw-p 00000000 00:00 0 
7fdf216d3000-7fdf216d4000 r--p 00022000 08:05 8127310                    /lib/x86_64-linux-gnu/ld-2.17.so
7fdf216d4000-7fdf216d6000 rw-p 00023000 08:05 8127310                    /lib/x86_64-linux-gnu/ld-2.17.so
7fff2caff000-7fff2cb20000 rw-p 00000000 00:00 0                          [stack]
7fff2cbf6000-7fff2cbf8000 r-xp 00000000 00:00 0                          [vdso]
ffffffffff600000-ffffffffff601000 r-xp 00000000 00:00 0                  [vsyscall]

VM Arguments:
jvm_args: -Dfile.encoding=UTF-8 -Xbootclasspath:/home/yanpierru/Android/adt-bundle-linux-x86_64-20130917/sdk/platforms/android-18/android.jar:/home/yanpierru/Android/adt-bundle-linux-x86_64-20130917/sdk/add-ons/addon-google_apis-google-18/libs/effects.jar:/home/yanpierru/Android/adt-bundle-linux-x86_64-20130917/sdk/add-ons/addon-google_apis-google-18/libs/usb.jar:/home/yanpierru/Android/adt-bundle-linux-x86_64-20130917/sdk/add-ons/addon-google_apis-google-18/libs/maps.jar 
java_command: com.example.drawmywaybeta2.Test
Launcher Type: SUN_STANDARD

Environment Variables:
PATH=/usr/lib/lightdm/lightdm:/usr/local/sbin:/usr/local/bin:/usr/sbin:/usr/bin:/sbin:/bin:/usr/games:/usr/local/games
SHELL=/bin/bash
DISPLAY=:0.0

Signal Handlers:
SIGSEGV: [libjvm.so+0x84f410], sa_mask[0]=0x7ffbfeff, sa_flags=0x10000004
SIGBUS: [libjvm.so+0x84f410], sa_mask[0]=0x7ffbfeff, sa_flags=0x10000004
SIGFPE: [libjvm.so+0x6f19a0], sa_mask[0]=0x7ffbfeff, sa_flags=0x10000004
SIGPIPE: [libjvm.so+0x6f19a0], sa_mask[0]=0x7ffbfeff, sa_flags=0x10000004
SIGXFSZ: [libjvm.so+0x6f19a0], sa_mask[0]=0x7ffbfeff, sa_flags=0x10000004
SIGILL: [libjvm.so+0x6f19a0], sa_mask[0]=0x7ffbfeff, sa_flags=0x10000004
SIGUSR1: SIG_DFL, sa_mask[0]=0x00000000, sa_flags=0x00000000
SIGUSR2: [libjvm.so+0x6f1d70], sa_mask[0]=0x00000004, sa_flags=0x10000004
SIGHUP: SIG_DFL, sa_mask[0]=0x00000000, sa_flags=0x00000000
SIGINT: SIG_DFL, sa_mask[0]=0x00000000, sa_flags=0x00000000
SIGTERM: SIG_DFL, sa_mask[0]=0x00000000, sa_flags=0x00000000
SIGQUIT: SIG_DFL, sa_mask[0]=0x00000000, sa_flags=0x00000000


---------------  S Y S T E M  ---------------

OS:Ubuntu 13.04 (raring)
uname:Linux 3.8.0-33-generic #48-Ubuntu SMP Wed Oct 23 09:16:58 UTC 2013 x86_64
libc:glibc 2.17 NPTL 2.17 
rlimit: STACK 8192k, CORE 0k, NPROC 62556, NOFILE 4096, AS infinity
load average:0.21 0.29 0.36

/proc/meminfo:
MemTotal:        8081872 kB
MemFree:         3083464 kB
Buffers:          104140 kB
Cached:          2860760 kB
SwapCached:            0 kB
Active:          2341336 kB
Inactive:        2361944 kB
Active(anon):    1785140 kB
Inactive(anon):   348012 kB
Active(file):     556196 kB
Inactive(file):  2013932 kB
Unevictable:          48 kB
Mlocked:              48 kB
SwapTotal:             0 kB
SwapFree:              0 kB
Dirty:               176 kB
Writeback:             0 kB
AnonPages:       1739056 kB
Mapped:           300284 kB
Shmem:            394280 kB
Slab:             176104 kB
SReclaimable:     137980 kB
SUnreclaim:        38124 kB
KernelStack:        4064 kB
PageTables:        39624 kB
NFS_Unstable:          0 kB
Bounce:                0 kB
WritebackTmp:          0 kB
CommitLimit:     4040936 kB
Committed_AS:    4849180 kB
VmallocTotal:   34359738367 kB
VmallocUsed:      447844 kB
VmallocChunk:   34359278172 kB
HardwareCorrupted:     0 kB
AnonHugePages:         0 kB
HugePages_Total:       0
HugePages_Free:        0
HugePages_Rsvd:        0
HugePages_Surp:        0
Hugepagesize:       2048 kB
DirectMap4k:       83968 kB
DirectMap2M:     8288256 kB


CPU:total 4 (2 cores per cpu, 2 threads per core) family 6 model 58 stepping 9, cmov, cx8, fxsr, mmx, sse, sse2, sse3, ssse3, sse4.1, sse4.2, popcnt, avx, ht, tsc, tscinvbit, tscinv

/proc/cpuinfo:
processor	: 0
vendor_id	: GenuineIntel
cpu family	: 6
model		: 58
model name	: Intel(R) Core(TM) i7-3520M CPU @ 2.90GHz
stepping	: 9
microcode	: 0x15
cpu MHz		: 1200.000
cache size	: 4096 KB
physical id	: 0
siblings	: 4
core id		: 0
cpu cores	: 2
apicid		: 0
initial apicid	: 0
fpu		: yes
fpu_exception	: yes
cpuid level	: 13
wp		: yes
flags		: fpu vme de pse tsc msr pae mce cx8 apic sep mtrr pge mca cmov pat pse36 clflush dts acpi mmx fxsr sse sse2 ss ht tm pbe syscall nx rdtscp lm constant_tsc arch_perfmon pebs bts rep_good nopl xtopology nonstop_tsc aperfmperf eagerfpu pni pclmulqdq dtes64 monitor ds_cpl vmx smx est tm2 ssse3 cx16 xtpr pdcm pcid sse4_1 sse4_2 x2apic popcnt tsc_deadline_timer aes xsave avx f16c rdrand lahf_lm ida arat xsaveopt pln pts dtherm tpr_shadow vnmi flexpriority ept vpid fsgsbase smep erms
bogomips	: 5786.59
clflush size	: 64
cache_alignment	: 64
address sizes	: 36 bits physical, 48 bits virtual
power management:

processor	: 1
vendor_id	: GenuineIntel
cpu family	: 6
model		: 58
model name	: Intel(R) Core(TM) i7-3520M CPU @ 2.90GHz
stepping	: 9
microcode	: 0x15
cpu MHz		: 2901.000
cache size	: 4096 KB
physical id	: 0
siblings	: 4
core id		: 1
cpu cores	: 2
apicid		: 2
initial apicid	: 2
fpu		: yes
fpu_exception	: yes
cpuid level	: 13
wp		: yes
flags		: fpu vme de pse tsc msr pae mce cx8 apic sep mtrr pge mca cmov pat pse36 clflush dts acpi mmx fxsr sse sse2 ss ht tm pbe syscall nx rdtscp lm constant_tsc arch_perfmon pebs bts rep_good nopl xtopology nonstop_tsc aperfmperf eagerfpu pni pclmulqdq dtes64 monitor ds_cpl vmx smx est tm2 ssse3 cx16 xtpr pdcm pcid sse4_1 sse4_2 x2apic popcnt tsc_deadline_timer aes xsave avx f16c rdrand lahf_lm ida arat xsaveopt pln pts dtherm tpr_shadow vnmi flexpriority ept vpid fsgsbase smep erms
bogomips	: 5786.59
clflush size	: 64
cache_alignment	: 64
address sizes	: 36 bits physical, 48 bits virtual
power management:

processor	: 2
vendor_id	: GenuineIntel
cpu family	: 6
model		: 58
model name	: Intel(R) Core(TM) i7-3520M CPU @ 2.90GHz
stepping	: 9
microcode	: 0x15
cpu MHz		: 1500.000
cache size	: 4096 KB
physical id	: 0
siblings	: 4
core id		: 0
cpu cores	: 2
apicid		: 1
initial apicid	: 1
fpu		: yes
fpu_exception	: yes
cpuid level	: 13
wp		: yes
flags		: fpu vme de pse tsc msr pae mce cx8 apic sep mtrr pge mca cmov pat pse36 clflush dts acpi mmx fxsr sse sse2 ss ht tm pbe syscall nx rdtscp lm constant_tsc arch_perfmon pebs bts rep_good nopl xtopology nonstop_tsc aperfmperf eagerfpu pni pclmulqdq dtes64 monitor ds_cpl vmx smx est tm2 ssse3 cx16 xtpr pdcm pcid sse4_1 sse4_2 x2apic popcnt tsc_deadline_timer aes xsave avx f16c rdrand lahf_lm ida arat xsaveopt pln pts dtherm tpr_shadow vnmi flexpriority ept vpid fsgsbase smep erms
bogomips	: 5786.59
clflush size	: 64
cache_alignment	: 64
address sizes	: 36 bits physical, 48 bits virtual
power management:

processor	: 3
vendor_id	: GenuineIntel
cpu family	: 6
model		: 58
model name	: Intel(R) Core(TM) i7-3520M CPU @ 2.90GHz
stepping	: 9
microcode	: 0x15
cpu MHz		: 2901.000
cache size	: 4096 KB
physical id	: 0
siblings	: 4
core id		: 1
cpu cores	: 2
apicid		: 3
initial apicid	: 3
fpu		: yes
fpu_exception	: yes
cpuid level	: 13
wp		: yes
flags		: fpu vme de pse tsc msr pae mce cx8 apic sep mtrr pge mca cmov pat pse36 clflush dts acpi mmx fxsr sse sse2 ss ht tm pbe syscall nx rdtscp lm constant_tsc arch_perfmon pebs bts rep_good nopl xtopology nonstop_tsc aperfmperf eagerfpu pni pclmulqdq dtes64 monitor ds_cpl vmx smx est tm2 ssse3 cx16 xtpr pdcm pcid sse4_1 sse4_2 x2apic popcnt tsc_deadline_timer aes xsave avx f16c rdrand lahf_lm ida arat xsaveopt pln pts dtherm tpr_shadow vnmi flexpriority ept vpid fsgsbase smep erms
bogomips	: 5786.59
clflush size	: 64
cache_alignment	: 64
address sizes	: 36 bits physical, 48 bits virtual
power management:



Memory: 4k page, physical 8081872k(3083464k free), swap 0k(0k free)

vm_info: OpenJDK 64-Bit Server VM (23.7-b01) for linux-amd64 JRE (1.7.0_25-b30), built on Jul  3 2013 13:50:39 by "buildd" with gcc 4.7.3

time: Wed Jan  8 21:23:42 2014
elapsed time: 0 seconds

